<?xml version="1.0" encoding="UTF-8"?>
<!-- Generated by org.testng.reporters.JUnitReportReporter -->
<testsuite skipped="1" hostname="DESKTOP-NQVH91B" name="com.selenium.TrackoProject.TrackoClass" tests="2" failures="0" timestamp="28 Nov 2017 14:33:38 GMT" time="0.001" errors="1">
  <testcase name="signup" time="0.001" classname="com.selenium.TrackoProject.TrackoClass">
    <skipped/>
  </testcase> <!-- signup -->
  <testcase name="setup" time="0.000" classname="com.selenium.TrackoProject.TrackoClass">
    <error type="org.testng.TestNGException" message="
Parameter &#039;browserParameter&#039; is required by BeforeTest on method setup but has not been marked @Optional or defined
in C:\Users\mohan\AppData\Local\Temp\testng-eclipse--1554929357\testng-customsuite.xml">
      <![CDATA[org.testng.TestNGException: 
Parameter 'browserParameter' is required by BeforeTest on method setup but has not been marked @Optional or defined
in C:\Users\mohan\AppData\Local\Temp\testng-eclipse--1554929357\testng-customsuite.xml
	at org.testng.internal.Parameters.createParameters(Parameters.java:199)
	at org.testng.internal.Parameters.createParameters(Parameters.java:443)
	at org.testng.internal.Parameters.createConfigurationParameters(Parameters.java:118)
	at org.testng.internal.Invoker.invokeConfigurations(Invoker.java:206)
	at org.testng.internal.Invoker.invokeConfigurations(Invoker.java:146)
	at org.testng.TestRunner.beforeRun(TestRunner.java:626)
	at org.testng.TestRunner.run(TestRunner.java:594)
	at org.testng.SuiteRunner.runTest(SuiteRunner.java:380)
	at org.testng.SuiteRunner.runSequentially(SuiteRunner.java:375)
	at org.testng.SuiteRunner.privateRun(SuiteRunner.java:340)
	at org.testng.SuiteRunner.run(SuiteRunner.java:289)
	at org.testng.SuiteRunnerWorker.runSuite(SuiteRunnerWorker.java:52)
	at org.testng.SuiteRunnerWorker.run(SuiteRunnerWorker.java:86)
	at org.testng.TestNG.runSuitesSequentially(TestNG.java:1301)
	at org.testng.TestNG.runSuitesLocally(TestNG.java:1226)
	at org.testng.TestNG.runSuites(TestNG.java:1144)
	at org.testng.TestNG.run(TestNG.java:1115)
	at org.testng.remote.AbstractRemoteTestNG.run(AbstractRemoteTestNG.java:114)
	at org.testng.remote.RemoteTestNG.initAndRun(RemoteTestNG.java:251)
	at org.testng.remote.RemoteTestNG.main(RemoteTestNG.java:77)
]]>
    </error>
  </testcase> <!-- setup -->
</testsuite> <!-- com.selenium.TrackoProject.TrackoClass -->
